<?xml version="1.0" encoding="UTF-8"?>
<!-- Generated by org.testng.reporters.JUnitXMLReporter -->
<testsuite ignored="0" hostname="DESKTOP-1EVTEJ0" failures="1" tests="3" name="full Test" time="50.106" errors="0" timestamp="2023-08-11T11:39:44 IST">
  <testcase classname="FullProject.TestClass.FullprojectTest" name="fullproject" time="15.062">
    <skipped/>
  </testcase> <!-- fullproject -->
  <testcase classname="FullProject.TestClass.FullprojectTest" name="fullproject" time="14.272">
    <skipped/>
  </testcase> <!-- fullproject -->
  <testcase classname="FullProject.TestClass.FullprojectTest" name="fullproject" time="14.054">
    <failure type="java.lang.AssertionError" message="expected [true] but found [false]">
      <![CDATA[java.lang.AssertionError: expected [true] but found [false]
at FullProject.TestClass.FullprojectTest.fullproject(FullprojectTest.java:32)
at java.base/java.util.ArrayList.forEach(ArrayList.java:1511)
at java.base/java.util.concurrent.FutureTask.run(FutureTask.java:264)
at java.base/java.util.concurrent.ThreadPoolExecutor.runWorker(ThreadPoolExecutor.java:1136)
at java.base/java.util.concurrent.ThreadPoolExecutor$Worker.run(ThreadPoolExecutor.java:635)
at java.base/java.lang.Thread.run(Thread.java:833)
... Removed 21 stack frames]]>
    </failure>
  </testcase> <!-- fullproject -->
</testsuite> <!-- full Test -->
