<?xml version="1.0" encoding="UTF-8"?>
<!-- Generated by org.testng.reporters.JUnitXMLReporter -->
<testsuite ignored="0" hostname="DESKTOP-1EVTEJ0" failures="1" tests="4" name="product Test" time="22.454" errors="0" timestamp="2023-08-11T11:39:17 IST">
  <testcase classname="FullProject.TestClass.ProductPageTest" name="productselect" time="2.544"/>
  <testcase classname="FullProject.TestClass.ProductPageTest" name="productselect" time="2.911"/>
  <testcase classname="FullProject.TestClass.ProductPageTest" name="productselect" time="1.188"/>
  <testcase classname="FullProject.TestClass.ProductPageTest" name="productselect" time="2.563">
    <failure type="java.lang.AssertionError" message="expected [true] but found [false]">
      <![CDATA[java.lang.AssertionError: expected [true] but found [false]
at FullProject.TestClass.ProductPageTest.productselect(ProductPageTest.java:25)
at java.base/java.util.ArrayList.forEach(ArrayList.java:1511)
at java.base/java.util.concurrent.FutureTask.run(FutureTask.java:264)
at java.base/java.util.concurrent.ThreadPoolExecutor.runWorker(ThreadPoolExecutor.java:1136)
at java.base/java.util.concurrent.ThreadPoolExecutor$Worker.run(ThreadPoolExecutor.java:635)
at java.base/java.lang.Thread.run(Thread.java:833)
... Removed 21 stack frames]]>
    </failure>
  </testcase> <!-- productselect -->
</testsuite> <!-- product Test -->
